{
  "stats": {
    "suites": 1,
    "tests": 3,
    "passes": 3,
    "pending": 0,
    "failures": 0,
    "start": "2024-09-06T10:11:05.085Z",
    "end": "2024-09-06T10:11:06.954Z",
    "duration": 1869,
    "testsRegistered": 3,
    "passPercent": 100,
    "pendingPercent": 0,
    "other": 0,
    "hasOther": false,
    "skipped": 0,
    "hasSkipped": false
  },
  "results": [
    {
      "uuid": "36147a5e-6b50-4d61-88d5-f093496d4e17",
      "title": "",
      "fullFile": "cypress\\e2e\\CartPage.cy.js",
      "file": "cypress\\e2e\\CartPage.cy.js",
      "beforeHooks": [],
      "afterHooks": [],
      "tests": [],
      "suites": [
        {
          "uuid": "055765f1-27e1-4780-946b-95114bab9314",
          "title": "Cart Page",
          "fullFile": "",
          "file": "",
          "beforeHooks": [],
          "afterHooks": [],
          "tests": [
            {
              "title": "should have page title Your Cart",
              "fullTitle": "Cart Page should have page title Your Cart",
              "timedOut": null,
              "duration": 725,
              "state": "passed",
              "speed": "fast",
              "pass": true,
              "fail": false,
              "pending": false,
              "context": null,
              "code": "cy.get('.subheader').should('have.text', 'Your Cart').and('have.css', 'background-color', 'rgb(71, 76, 85)');",
              "err": {},
              "uuid": "950b4b25-a243-4a8c-aaf4-a1e718b70c73",
              "parentUUID": "055765f1-27e1-4780-946b-95114bab9314",
              "isHook": false,
              "skipped": false
            },
            {
              "title": "Continue shoping should be clickable and redirects to inventory page",
              "fullTitle": "Cart Page Continue shoping should be clickable and redirects to inventory page",
              "timedOut": null,
              "duration": 650,
              "state": "passed",
              "speed": "fast",
              "pass": true,
              "fail": false,
              "pending": false,
              "context": null,
              "code": "cy.get('a.btn_secondary').should('have.text', 'Continue Shopping').click().url('eq', '/inventory.html');",
              "err": {},
              "uuid": "a270e7d1-4787-43dc-bc28-73ea8b3b9a7c",
              "parentUUID": "055765f1-27e1-4780-946b-95114bab9314",
              "isHook": false,
              "skipped": false
            },
            {
              "title": "Checkout button should be clickable and redirect to the checkout page",
              "fullTitle": "Cart Page Checkout button should be clickable and redirect to the checkout page",
              "timedOut": null,
              "duration": 444,
              "state": "passed",
              "speed": "fast",
              "pass": true,
              "fail": false,
              "pending": false,
              "context": null,
              "code": "cy.get('.btn_action').should('have.text', 'CHECKOUT').and('have.css', 'background-color', 'rgb(226, 35, 26)').and('have.css', 'color', 'rgb(255, 255, 255)').click().url().should('contain', '/checkout-step-one.html');",
              "err": {},
              "uuid": "8820a279-2ac3-4fe4-af1f-49baab2e3ef2",
              "parentUUID": "055765f1-27e1-4780-946b-95114bab9314",
              "isHook": false,
              "skipped": false
            }
          ],
          "suites": [],
          "passes": [
            "950b4b25-a243-4a8c-aaf4-a1e718b70c73",
            "a270e7d1-4787-43dc-bc28-73ea8b3b9a7c",
            "8820a279-2ac3-4fe4-af1f-49baab2e3ef2"
          ],
          "failures": [],
          "pending": [],
          "skipped": [],
          "duration": 1819,
          "root": false,
          "rootEmpty": false,
          "_timeout": 2000
        }
      ],
      "passes": [],
      "failures": [],
      "pending": [],
      "skipped": [],
      "duration": 0,
      "root": true,
      "rootEmpty": true,
      "_timeout": 2000
    }
  ],
  "meta": {
    "mocha": {
      "version": "7.0.1"
    },
    "mochawesome": {
      "options": {
        "quiet": false,
        "reportFilename": "mochawesome",
        "saveHtml": false,
        "saveJson": true,
        "consoleReporter": "spec",
        "useInlineDiffs": false,
        "code": true
      },
      "version": "7.1.3"
    },
    "marge": {
      "options": {
        "overwrite": false,
        "html": false,
        "json": true,
        "reportDir": "cypress\\reports\\html\\.jsons"
      },
      "version": "6.2.0"
    }
  }
}