{
  "stats": {
    "suites": 1,
    "tests": 1,
    "passes": 1,
    "pending": 0,
    "failures": 0,
    "start": "2024-09-06T10:11:08.394Z",
    "end": "2024-09-06T10:11:09.571Z",
    "duration": 1177,
    "testsRegistered": 1,
    "passPercent": 100,
    "pendingPercent": 0,
    "other": 0,
    "hasOther": false,
    "skipped": 0,
    "hasSkipped": false
  },
  "results": [
    {
      "uuid": "61d23bdb-2025-4a9b-9209-b76d61d4d556",
      "title": "",
      "fullFile": "cypress\\e2e\\CheckoutPage.cy.js",
      "file": "cypress\\e2e\\CheckoutPage.cy.js",
      "beforeHooks": [],
      "afterHooks": [],
      "tests": [],
      "suites": [
        {
          "uuid": "4337fc52-b682-4308-bd37-3454feff4e4c",
          "title": "Checkout page1",
          "fullFile": "",
          "file": "",
          "beforeHooks": [],
          "afterHooks": [],
          "tests": [
            {
              "title": "Finish button should redirect to Checkout Complete page",
              "fullTitle": "Checkout page1 Finish button should redirect to Checkout Complete page",
              "timedOut": null,
              "duration": 1140,
              "state": "passed",
              "speed": "fast",
              "pass": true,
              "fail": false,
              "pending": false,
              "context": null,
              "code": "cy.visit('checkout-step-two.html').get('.subheader').should('have.text', 'Checkout: Overview');\ncy.get('.btn_action.cart_button').should('have.text', 'FINISH').and('have.css', 'background-color', 'rgb(226, 35, 26)').and('have.css', 'color', 'rgb(255, 255, 255)').click().url().should('be.eq', 'https://www.saucedemo.com/v1/checkout-complete.html');\ncy.get('.subheader').should('have.text', 'Finish');\ncy.get('h2').should('exist').and('have.text', 'THANK YOU FOR YOUR ORDER');",
              "err": {},
              "uuid": "b9bf8bfc-3a02-430d-a598-0364485b2b15",
              "parentUUID": "4337fc52-b682-4308-bd37-3454feff4e4c",
              "isHook": false,
              "skipped": false
            }
          ],
          "suites": [],
          "passes": [
            "b9bf8bfc-3a02-430d-a598-0364485b2b15"
          ],
          "failures": [],
          "pending": [],
          "skipped": [],
          "duration": 1140,
          "root": false,
          "rootEmpty": false,
          "_timeout": 2000
        }
      ],
      "passes": [],
      "failures": [],
      "pending": [],
      "skipped": [],
      "duration": 0,
      "root": true,
      "rootEmpty": true,
      "_timeout": 2000
    }
  ],
  "meta": {
    "mocha": {
      "version": "7.0.1"
    },
    "mochawesome": {
      "options": {
        "quiet": false,
        "reportFilename": "mochawesome",
        "saveHtml": false,
        "saveJson": true,
        "consoleReporter": "spec",
        "useInlineDiffs": false,
        "code": true
      },
      "version": "7.1.3"
    },
    "marge": {
      "options": {
        "overwrite": false,
        "html": false,
        "json": true,
        "reportDir": "cypress\\reports\\html\\.jsons"
      },
      "version": "6.2.0"
    }
  }
}