{
  "stats": {
    "suites": 1,
    "tests": 3,
    "passes": 3,
    "pending": 0,
    "failures": 0,
    "start": "2024-09-06T10:09:30.060Z",
    "end": "2024-09-06T10:09:31.583Z",
    "duration": 1523,
    "testsRegistered": 3,
    "passPercent": 100,
    "pendingPercent": 0,
    "other": 0,
    "hasOther": false,
    "skipped": 0,
    "hasSkipped": false
  },
  "results": [
    {
      "uuid": "dc1f761f-18eb-4725-8f72-b1ae3e549061",
      "title": "",
      "fullFile": "cypress\\e2e\\CartPage.cy.js",
      "file": "cypress\\e2e\\CartPage.cy.js",
      "beforeHooks": [],
      "afterHooks": [],
      "tests": [],
      "suites": [
        {
          "uuid": "9eeb1e46-6f73-4d0c-87ff-fca3f515e83e",
          "title": "Cart Page",
          "fullFile": "",
          "file": "",
          "beforeHooks": [],
          "afterHooks": [],
          "tests": [
            {
              "title": "should have page title Your Cart",
              "fullTitle": "Cart Page should have page title Your Cart",
              "timedOut": null,
              "duration": 628,
              "state": "passed",
              "speed": "fast",
              "pass": true,
              "fail": false,
              "pending": false,
              "context": null,
              "code": "cy.get('.subheader').should('have.text', 'Your Cart').and('have.css', 'background-color', 'rgb(71, 76, 85)');",
              "err": {},
              "uuid": "4ac2ea92-d0a6-4e6c-9807-55a3e9932675",
              "parentUUID": "9eeb1e46-6f73-4d0c-87ff-fca3f515e83e",
              "isHook": false,
              "skipped": false
            },
            {
              "title": "Continue shoping should be clickable and redirects to inventory page",
              "fullTitle": "Cart Page Continue shoping should be clickable and redirects to inventory page",
              "timedOut": null,
              "duration": 599,
              "state": "passed",
              "speed": "fast",
              "pass": true,
              "fail": false,
              "pending": false,
              "context": null,
              "code": "cy.get('a.btn_secondary').should('have.text', 'Continue Shopping').click().url('eq', '/inventory.html');",
              "err": {},
              "uuid": "b5480393-7f02-4a20-9a8b-96ed4185f4d0",
              "parentUUID": "9eeb1e46-6f73-4d0c-87ff-fca3f515e83e",
              "isHook": false,
              "skipped": false
            },
            {
              "title": "Checkout button should be clickable and redirect to the checkout page",
              "fullTitle": "Cart Page Checkout button should be clickable and redirect to the checkout page",
              "timedOut": null,
              "duration": 242,
              "state": "passed",
              "speed": "fast",
              "pass": true,
              "fail": false,
              "pending": false,
              "context": null,
              "code": "cy.get('.btn_action').should('have.text', 'CHECKOUT').and('have.css', 'background-color', 'rgb(226, 35, 26)').and('have.css', 'color', 'rgb(255, 255, 255)').click().url().should('contain', '/checkout-step-one.html');",
              "err": {},
              "uuid": "5a5a2b3f-3349-4e82-b104-0002cbed94e1",
              "parentUUID": "9eeb1e46-6f73-4d0c-87ff-fca3f515e83e",
              "isHook": false,
              "skipped": false
            }
          ],
          "suites": [],
          "passes": [
            "4ac2ea92-d0a6-4e6c-9807-55a3e9932675",
            "b5480393-7f02-4a20-9a8b-96ed4185f4d0",
            "5a5a2b3f-3349-4e82-b104-0002cbed94e1"
          ],
          "failures": [],
          "pending": [],
          "skipped": [],
          "duration": 1469,
          "root": false,
          "rootEmpty": false,
          "_timeout": 2000
        }
      ],
      "passes": [],
      "failures": [],
      "pending": [],
      "skipped": [],
      "duration": 0,
      "root": true,
      "rootEmpty": true,
      "_timeout": 2000
    }
  ],
  "meta": {
    "mocha": {
      "version": "7.0.1"
    },
    "mochawesome": {
      "options": {
        "quiet": false,
        "reportFilename": "mochawesome",
        "saveHtml": false,
        "saveJson": true,
        "consoleReporter": "spec",
        "useInlineDiffs": false,
        "code": true
      },
      "version": "7.1.3"
    },
    "marge": {
      "options": {
        "overwrite": false,
        "html": false,
        "json": true,
        "reportDir": "cypress\\reports\\html\\.jsons"
      },
      "version": "6.2.0"
    }
  }
}