{
  "stats": {
    "suites": 1,
    "tests": 1,
    "passes": 1,
    "pending": 0,
    "failures": 0,
    "start": "2024-09-06T10:11:14.376Z",
    "end": "2024-09-06T10:11:16.809Z",
    "duration": 2433,
    "testsRegistered": 1,
    "passPercent": 100,
    "pendingPercent": 0,
    "other": 0,
    "hasOther": false,
    "skipped": 0,
    "hasSkipped": false
  },
  "results": [
    {
      "uuid": "c5e5a13b-d34e-4d40-8cbe-a2a2f01ab829",
      "title": "",
      "fullFile": "cypress\\e2e\\Sidebar.cy.js",
      "file": "cypress\\e2e\\Sidebar.cy.js",
      "beforeHooks": [],
      "afterHooks": [],
      "tests": [],
      "suites": [
        {
          "uuid": "bcdd219c-995d-4f16-a030-69af210356fa",
          "title": "Sidebar Functionality",
          "fullFile": "",
          "file": "",
          "beforeHooks": [],
          "afterHooks": [],
          "tests": [
            {
              "title": "Validate logout redirects user to landing page",
              "fullTitle": "Sidebar Functionality Validate logout redirects user to landing page",
              "timedOut": null,
              "duration": 2408,
              "state": "passed",
              "speed": "fast",
              "pass": true,
              "fail": false,
              "pending": false,
              "context": null,
              "code": "cy.get('#logout_sidebar_link').should('have.text', 'Logout').click().url().should('eq', 'https://www.saucedemo.com/v1/index.html');",
              "err": {},
              "uuid": "fe6fdbad-ee1b-48d3-937a-d2ee2fd974b2",
              "parentUUID": "bcdd219c-995d-4f16-a030-69af210356fa",
              "isHook": false,
              "skipped": false
            }
          ],
          "suites": [],
          "passes": [
            "fe6fdbad-ee1b-48d3-937a-d2ee2fd974b2"
          ],
          "failures": [],
          "pending": [],
          "skipped": [],
          "duration": 2408,
          "root": false,
          "rootEmpty": false,
          "_timeout": 2000
        }
      ],
      "passes": [],
      "failures": [],
      "pending": [],
      "skipped": [],
      "duration": 0,
      "root": true,
      "rootEmpty": true,
      "_timeout": 2000
    }
  ],
  "meta": {
    "mocha": {
      "version": "7.0.1"
    },
    "mochawesome": {
      "options": {
        "quiet": false,
        "reportFilename": "mochawesome",
        "saveHtml": false,
        "saveJson": true,
        "consoleReporter": "spec",
        "useInlineDiffs": false,
        "code": true
      },
      "version": "7.1.3"
    },
    "marge": {
      "options": {
        "overwrite": false,
        "html": false,
        "json": true,
        "reportDir": "cypress\\reports\\html\\.jsons"
      },
      "version": "6.2.0"
    }
  }
}