{
  "stats": {
    "suites": 1,
    "tests": 3,
    "passes": 3,
    "pending": 0,
    "failures": 0,
    "start": "2024-09-10T06:06:29.482Z",
    "end": "2024-09-10T06:06:30.909Z",
    "duration": 1427,
    "testsRegistered": 3,
    "passPercent": 100,
    "pendingPercent": 0,
    "other": 0,
    "hasOther": false,
    "skipped": 0,
    "hasSkipped": false
  },
  "results": [
    {
      "uuid": "146037ae-9781-46b9-ae17-670295a42e0b",
      "title": "",
      "fullFile": "cypress\\e2e\\CartPage.cy.js",
      "file": "cypress\\e2e\\CartPage.cy.js",
      "beforeHooks": [],
      "afterHooks": [],
      "tests": [],
      "suites": [
        {
          "uuid": "1ab3fcec-02e9-45a6-86b7-7acb46f6b1ac",
          "title": "Cart Page",
          "fullFile": "",
          "file": "",
          "beforeHooks": [],
          "afterHooks": [],
          "tests": [
            {
              "title": "should have page title Your Cart",
              "fullTitle": "Cart Page should have page title Your Cart",
              "timedOut": null,
              "duration": 591,
              "state": "passed",
              "speed": "fast",
              "pass": true,
              "fail": false,
              "pending": false,
              "context": null,
              "code": "cy.get('.subheader').should('have.text', 'Your Cart').and('have.css', 'background-color', 'rgb(71, 76, 85)');",
              "err": {},
              "uuid": "0cd8245a-53ec-4f34-b0f6-1f273ce982fd",
              "parentUUID": "1ab3fcec-02e9-45a6-86b7-7acb46f6b1ac",
              "isHook": false,
              "skipped": false
            },
            {
              "title": "Continue shoping should be clickable and redirects to inventory page",
              "fullTitle": "Cart Page Continue shoping should be clickable and redirects to inventory page",
              "timedOut": null,
              "duration": 562,
              "state": "passed",
              "speed": "fast",
              "pass": true,
              "fail": false,
              "pending": false,
              "context": null,
              "code": "cy.get('a.btn_secondary').should('have.text', 'Continue Shopping').click().url('eq', '/inventory.html');",
              "err": {},
              "uuid": "911e0eb7-4bac-4f47-9f49-5bfcedc421fc",
              "parentUUID": "1ab3fcec-02e9-45a6-86b7-7acb46f6b1ac",
              "isHook": false,
              "skipped": false
            },
            {
              "title": "Checkout button should be clickable and redirect to the checkout page",
              "fullTitle": "Cart Page Checkout button should be clickable and redirect to the checkout page",
              "timedOut": null,
              "duration": 230,
              "state": "passed",
              "speed": "fast",
              "pass": true,
              "fail": false,
              "pending": false,
              "context": null,
              "code": "cy.get('.btn_action').should('have.text', 'CHECKOUT').and('have.css', 'background-color', 'rgb(226, 35, 26)').and('have.css', 'color', 'rgb(255, 255, 255)').click().url().should('contain', '/checkout-step-one.html');",
              "err": {},
              "uuid": "f3928c16-464c-4e44-a9bf-35e4d6846117",
              "parentUUID": "1ab3fcec-02e9-45a6-86b7-7acb46f6b1ac",
              "isHook": false,
              "skipped": false
            }
          ],
          "suites": [],
          "passes": [
            "0cd8245a-53ec-4f34-b0f6-1f273ce982fd",
            "911e0eb7-4bac-4f47-9f49-5bfcedc421fc",
            "f3928c16-464c-4e44-a9bf-35e4d6846117"
          ],
          "failures": [],
          "pending": [],
          "skipped": [],
          "duration": 1383,
          "root": false,
          "rootEmpty": false,
          "_timeout": 2000
        }
      ],
      "passes": [],
      "failures": [],
      "pending": [],
      "skipped": [],
      "duration": 0,
      "root": true,
      "rootEmpty": true,
      "_timeout": 2000
    }
  ],
  "meta": {
    "mocha": {
      "version": "7.0.1"
    },
    "mochawesome": {
      "options": {
        "quiet": false,
        "reportFilename": "mochawesome",
        "saveHtml": false,
        "saveJson": true,
        "consoleReporter": "spec",
        "useInlineDiffs": false,
        "code": true
      },
      "version": "7.1.3"
    },
    "marge": {
      "options": {
        "charts": true,
        "overwrite": false,
        "html": false,
        "json": true,
        "reportDir": "cypress/mochawesome-report"
      },
      "version": "6.2.0"
    }
  }
}