{
  "stats": {
    "suites": 1,
    "tests": 7,
    "passes": 7,
    "pending": 0,
    "failures": 0,
    "start": "2024-09-10T06:06:34.613Z",
    "end": "2024-09-10T06:06:36.262Z",
    "duration": 1649,
    "testsRegistered": 7,
    "passPercent": 100,
    "pendingPercent": 0,
    "other": 0,
    "hasOther": false,
    "skipped": 0,
    "hasSkipped": false
  },
  "results": [
    {
      "uuid": "fc91bb28-f069-4c9c-9526-7af25f464e76",
      "title": "",
      "fullFile": "cypress\\e2e\\InventoryPage.cy.js",
      "file": "cypress\\e2e\\InventoryPage.cy.js",
      "beforeHooks": [],
      "afterHooks": [],
      "tests": [],
      "suites": [
        {
          "uuid": "a85c4d7c-f9e4-41c4-9783-2a2edde85e01",
          "title": "Inventory page",
          "fullFile": "",
          "file": "",
          "beforeHooks": [],
          "afterHooks": [],
          "tests": [
            {
              "title": "Page title should be Products",
              "fullTitle": "Inventory page Page title should be Products",
              "timedOut": null,
              "duration": 447,
              "state": "passed",
              "speed": "fast",
              "pass": true,
              "fail": false,
              "pending": false,
              "context": null,
              "code": "cy.get('.product_label').should('have.text', 'Products');",
              "err": {},
              "uuid": "86ff9ad8-3ae4-4290-92be-2019a3a8988f",
              "parentUUID": "a85c4d7c-f9e4-41c4-9783-2a2edde85e01",
              "isHook": false,
              "skipped": false
            },
            {
              "title": "Sorting should have Name A to Z selected by default",
              "fullTitle": "Inventory page Sorting should have Name A to Z selected by default",
              "timedOut": null,
              "duration": 302,
              "state": "passed",
              "speed": "fast",
              "pass": true,
              "fail": false,
              "pending": false,
              "context": null,
              "code": "cy.get('.product_sort_container').should('have.value', 'az'); //sorting value by default\ncy.get('.product_sort_container') //should have dropdown options \n.should('be.visible').within(() => {\n  cy.contains('Name (A to Z)').should('exist');\n  cy.contains('Name (Z to A)').should('exist');\n  cy.contains('Price (low to high)').should('exist');\n  cy.contains('Price (high to low)').should('exist');\n});\ncy.get('.product_sort_container').select('Price (low to high)').should('have.value', 'lohi'); //select one of the option from the dropdown",
              "err": {},
              "uuid": "96bd9f21-f371-4a9d-abe0-45809a64e9df",
              "parentUUID": "a85c4d7c-f9e4-41c4-9783-2a2edde85e01",
              "isHook": false,
              "skipped": false
            },
            {
              "title": "Inventory list card should have image, item title, description, price and Add to cart button",
              "fullTitle": "Inventory page Inventory list card should have image, item title, description, price and Add to cart button",
              "timedOut": null,
              "duration": 136,
              "state": "passed",
              "speed": "fast",
              "pass": true,
              "fail": false,
              "pending": false,
              "context": null,
              "code": "cy.get('.inventory_list').each(card => {\n  cy.wrap(card).find('.inventory_item_img').should('exist');\n  cy.wrap(card).find('.inventory_item_label > a').should('exist');\n  cy.wrap(card).find('.inventory_item_label > .inventory_item_desc').should('exist');\n  cy.wrap(card).find('.pricebar > .inventory_item_price').should('exist');\n  cy.wrap(card).find('.pricebar > .btn_inventory').should('exist');\n});",
              "err": {},
              "uuid": "35a6cb3b-4f87-474c-8a27-11537599fc41",
              "parentUUID": "a85c4d7c-f9e4-41c4-9783-2a2edde85e01",
              "isHook": false,
              "skipped": false
            },
            {
              "title": "Add to cart should be clickable and should change to Remove button",
              "fullTitle": "Inventory page Add to cart should be clickable and should change to Remove button",
              "timedOut": null,
              "duration": 204,
              "state": "passed",
              "speed": "fast",
              "pass": true,
              "fail": false,
              "pending": false,
              "context": null,
              "code": "cy.get(':nth-child(1)  > .pricebar > .btn_primary').should('have.text', 'ADD TO CART').click().should('be.visible', '.btn_secondary .btn_inventory\"').and('have.text', 'REMOVE').and('have.css', 'background-color', 'rgb(255, 255, 255)').and('have.css', 'border', '2px solid rgb(71, 76, 85)').and('have.css', 'color', 'rgb(71, 76, 85)');\ncy.get('.shopping_cart_container').find('a  > .shopping_cart_badge').should('be.visible').and('have.css', 'background-color', 'rgb(255, 37, 58)').and('have.css', 'color', 'rgb(255, 255, 255)');",
              "err": {},
              "uuid": "4f393cde-63d1-4ec7-970e-92bc52f8eb30",
              "parentUUID": "a85c4d7c-f9e4-41c4-9783-2a2edde85e01",
              "isHook": false,
              "skipped": false
            },
            {
              "title": "Item title should be red and clickable",
              "fullTitle": "Inventory page Item title should be red and clickable",
              "timedOut": null,
              "duration": 181,
              "state": "passed",
              "speed": "fast",
              "pass": true,
              "fail": false,
              "pending": false,
              "context": null,
              "code": "cy.get('#item_4_title_link > .inventory_item_name').should('have.css', 'color', 'rgb(226, 35, 26)').click();",
              "err": {},
              "uuid": "aeb1973c-baf7-42d5-a0cd-6d416da9b97a",
              "parentUUID": "a85c4d7c-f9e4-41c4-9783-2a2edde85e01",
              "isHook": false,
              "skipped": false
            },
            {
              "title": "Price figure should be red",
              "fullTitle": "Inventory page Price figure should be red",
              "timedOut": null,
              "duration": 93,
              "state": "passed",
              "speed": "fast",
              "pass": true,
              "fail": false,
              "pending": false,
              "context": null,
              "code": "cy.get(':nth-child(1) > .pricebar > .btn_primary').should('have.css', 'color', 'rgb(226, 35, 26)').should('have.css', 'border', '2px solid rgb(226, 35, 26)').should('have.css', 'background-color', 'rgb(255, 255, 255)');",
              "err": {},
              "uuid": "2c75767b-7645-4b46-b45d-3c4f8a0922f5",
              "parentUUID": "a85c4d7c-f9e4-41c4-9783-2a2edde85e01",
              "isHook": false,
              "skipped": false
            },
            {
              "title": "Cart icon should be clickable",
              "fullTitle": "Inventory page Cart icon should be clickable",
              "timedOut": null,
              "duration": 181,
              "state": "passed",
              "speed": "fast",
              "pass": true,
              "fail": false,
              "pending": false,
              "context": null,
              "code": "cy.get('#shopping_cart_container > a').click().url().should('eq', 'https://www.saucedemo.com/v1/cart.html');",
              "err": {},
              "uuid": "6384e175-bfb4-45de-85fd-d8769da7ad3a",
              "parentUUID": "a85c4d7c-f9e4-41c4-9783-2a2edde85e01",
              "isHook": false,
              "skipped": false
            }
          ],
          "suites": [],
          "passes": [
            "86ff9ad8-3ae4-4290-92be-2019a3a8988f",
            "96bd9f21-f371-4a9d-abe0-45809a64e9df",
            "35a6cb3b-4f87-474c-8a27-11537599fc41",
            "4f393cde-63d1-4ec7-970e-92bc52f8eb30",
            "aeb1973c-baf7-42d5-a0cd-6d416da9b97a",
            "2c75767b-7645-4b46-b45d-3c4f8a0922f5",
            "6384e175-bfb4-45de-85fd-d8769da7ad3a"
          ],
          "failures": [],
          "pending": [],
          "skipped": [],
          "duration": 1544,
          "root": false,
          "rootEmpty": false,
          "_timeout": 2000
        }
      ],
      "passes": [],
      "failures": [],
      "pending": [],
      "skipped": [],
      "duration": 0,
      "root": true,
      "rootEmpty": true,
      "_timeout": 2000
    }
  ],
  "meta": {
    "mocha": {
      "version": "7.0.1"
    },
    "mochawesome": {
      "options": {
        "quiet": false,
        "reportFilename": "mochawesome",
        "saveHtml": false,
        "saveJson": true,
        "consoleReporter": "spec",
        "useInlineDiffs": false,
        "code": true
      },
      "version": "7.1.3"
    },
    "marge": {
      "options": {
        "charts": true,
        "overwrite": false,
        "html": false,
        "json": true,
        "reportDir": "cypress/mochawesome-report"
      },
      "version": "6.2.0"
    }
  }
}