{
  "stats": {
    "suites": 1,
    "tests": 4,
    "passes": 4,
    "pending": 0,
    "failures": 0,
    "start": "2024-09-10T06:06:37.706Z",
    "end": "2024-09-10T06:06:46.777Z",
    "duration": 9071,
    "testsRegistered": 4,
    "passPercent": 100,
    "pendingPercent": 0,
    "other": 0,
    "hasOther": false,
    "skipped": 0,
    "hasSkipped": false
  },
  "results": [
    {
      "uuid": "405fa60b-d3de-4ff0-8289-1d16149f099d",
      "title": "",
      "fullFile": "cypress\\e2e\\LoginwithPOM.cy.js",
      "file": "cypress\\e2e\\LoginwithPOM.cy.js",
      "beforeHooks": [],
      "afterHooks": [],
      "tests": [],
      "suites": [
        {
          "uuid": "9a0502d4-1c3f-40c3-9cff-981bcddcd4ca",
          "title": "Login page",
          "fullFile": "",
          "file": "",
          "beforeHooks": [],
          "afterHooks": [],
          "tests": [
            {
              "title": "valid username and password",
              "fullTitle": "Login page valid username and password",
              "timedOut": null,
              "duration": 1219,
              "state": "passed",
              "speed": "fast",
              "pass": true,
              "fail": false,
              "pending": false,
              "context": null,
              "code": "cy.get('@loginData').then(user => {\n  ln.enterUsername(user.user1.username);\n  ln.enterPassword(user.user1.password);\n});\n//login button should be red and text should be white\nln.verifyCss();\nln.clickLogin();\nln.verifyRedirectUrl();",
              "err": {},
              "uuid": "0344fe10-4e36-41c5-b3ab-5efc54619017",
              "parentUUID": "9a0502d4-1c3f-40c3-9cff-981bcddcd4ca",
              "isHook": false,
              "skipped": false
            },
            {
              "title": "login test for user2",
              "fullTitle": "Login page login test for user2",
              "timedOut": null,
              "duration": 917,
              "state": "passed",
              "speed": "fast",
              "pass": true,
              "fail": false,
              "pending": false,
              "context": null,
              "code": "cy.get('@loginData').then(user => {\n  ln.enterUsername(user.user2.username);\n  ln.enterPassword(user.user2.password);\n});\n//login button should be red and text should be white\nln.verifyCss();\nln.clickLogin();\n//error message should show\nln.errMessage();\nln.errorButton();",
              "err": {},
              "uuid": "8cee5d5d-371e-475c-b0a6-09200866aa77",
              "parentUUID": "9a0502d4-1c3f-40c3-9cff-981bcddcd4ca",
              "isHook": false,
              "skipped": false
            },
            {
              "title": "login test for user3",
              "fullTitle": "Login page login test for user3",
              "timedOut": null,
              "duration": 856,
              "state": "passed",
              "speed": "fast",
              "pass": true,
              "fail": false,
              "pending": false,
              "context": null,
              "code": "cy.get('@loginData').then(user => {\n  ln.enterUsername(user.user3.username);\n  ln.enterPassword(user.user3.password);\n});\n//login button should be red and text should be white\nln.verifyCss();\nln.clickLogin();",
              "err": {},
              "uuid": "00a09bd8-f7ab-46fa-bef6-0d01a8d09ca3",
              "parentUUID": "9a0502d4-1c3f-40c3-9cff-981bcddcd4ca",
              "isHook": false,
              "skipped": false
            },
            {
              "title": "login test for user4",
              "fullTitle": "Login page login test for user4",
              "timedOut": null,
              "duration": 5936,
              "state": "passed",
              "speed": "medium",
              "pass": true,
              "fail": false,
              "pending": false,
              "context": null,
              "code": "cy.get('@loginData').then(user => {\n  ln.enterUsername(user.user4.username);\n  ln.enterPassword(user.user4.password);\n});\n//login button should be red and text should be white\nln.verifyCss();\nln.clickLogin();\nln.verifyRedirectUrl();",
              "err": {},
              "uuid": "b7e9fa55-caed-4218-befe-d90799ef0ccb",
              "parentUUID": "9a0502d4-1c3f-40c3-9cff-981bcddcd4ca",
              "isHook": false,
              "skipped": false
            }
          ],
          "suites": [],
          "passes": [
            "0344fe10-4e36-41c5-b3ab-5efc54619017",
            "8cee5d5d-371e-475c-b0a6-09200866aa77",
            "00a09bd8-f7ab-46fa-bef6-0d01a8d09ca3",
            "b7e9fa55-caed-4218-befe-d90799ef0ccb"
          ],
          "failures": [],
          "pending": [],
          "skipped": [],
          "duration": 8928,
          "root": false,
          "rootEmpty": false,
          "_timeout": 2000
        }
      ],
      "passes": [],
      "failures": [],
      "pending": [],
      "skipped": [],
      "duration": 0,
      "root": true,
      "rootEmpty": true,
      "_timeout": 2000
    }
  ],
  "meta": {
    "mocha": {
      "version": "7.0.1"
    },
    "mochawesome": {
      "options": {
        "quiet": false,
        "reportFilename": "mochawesome",
        "saveHtml": false,
        "saveJson": true,
        "consoleReporter": "spec",
        "useInlineDiffs": false,
        "code": true
      },
      "version": "7.1.3"
    },
    "marge": {
      "options": {
        "charts": true,
        "overwrite": false,
        "html": false,
        "json": true,
        "reportDir": "cypress/mochawesome-report"
      },
      "version": "6.2.0"
    }
  }
}