{
  "stats": {
    "suites": 1,
    "tests": 1,
    "passes": 1,
    "pending": 0,
    "failures": 0,
    "start": "2024-09-10T06:06:51.721Z",
    "end": "2024-09-10T06:06:52.995Z",
    "duration": 1274,
    "testsRegistered": 1,
    "passPercent": 100,
    "pendingPercent": 0,
    "other": 0,
    "hasOther": false,
    "skipped": 0,
    "hasSkipped": false
  },
  "results": [
    {
      "uuid": "2e6605d6-b6d3-4f8e-945f-114268e53df9",
      "title": "",
      "fullFile": "cypress\\e2e\\VerifyLogin.spec.cy.js",
      "file": "cypress\\e2e\\VerifyLogin.spec.cy.js",
      "beforeHooks": [],
      "afterHooks": [],
      "tests": [],
      "suites": [
        {
          "uuid": "4e19ac40-f0e8-44a5-9b45-abd0a535f311",
          "title": "Login page",
          "fullFile": "",
          "file": "",
          "beforeHooks": [],
          "afterHooks": [],
          "tests": [
            {
              "title": "should login with valid username and password",
              "fullTitle": "Login page should login with valid username and password",
              "timedOut": null,
              "duration": 1233,
              "state": "passed",
              "speed": "fast",
              "pass": true,
              "fail": false,
              "pending": false,
              "context": null,
              "code": "//load fixture data\ncy.fixture('loginData').as('loginData');\n//using fixture data below\ncy.get('@loginData').then(user => {\n  cy.get('[data-test=\"username\"]').type(user.user1.username);\n  // cy.wait(1000)\n  cy.get('[data-test=\"password\"]').type(user.user1.password);\n});\n// cy.wait(1000)\n//login button should be red and text should be white\ncy.get('input#login-button').should('have.css', 'background-color', 'rgb(226, 35, 26)').and('have.css', 'color', 'rgb(255, 255, 255)').click();\ncy.url().should('eq', 'https://www.saucedemo.com/v1/inventory.html');",
              "err": {},
              "uuid": "3b6fae6e-959c-4727-8468-3746ad82ada6",
              "parentUUID": "4e19ac40-f0e8-44a5-9b45-abd0a535f311",
              "isHook": false,
              "skipped": false
            }
          ],
          "suites": [],
          "passes": [
            "3b6fae6e-959c-4727-8468-3746ad82ada6"
          ],
          "failures": [],
          "pending": [],
          "skipped": [],
          "duration": 1233,
          "root": false,
          "rootEmpty": false,
          "_timeout": 2000
        }
      ],
      "passes": [],
      "failures": [],
      "pending": [],
      "skipped": [],
      "duration": 0,
      "root": true,
      "rootEmpty": true,
      "_timeout": 2000
    }
  ],
  "meta": {
    "mocha": {
      "version": "7.0.1"
    },
    "mochawesome": {
      "options": {
        "quiet": false,
        "reportFilename": "mochawesome",
        "saveHtml": false,
        "saveJson": true,
        "consoleReporter": "spec",
        "useInlineDiffs": false,
        "code": true
      },
      "version": "7.1.3"
    },
    "marge": {
      "options": {
        "charts": true,
        "overwrite": false,
        "html": false,
        "json": true,
        "reportDir": "cypress/mochawesome-report"
      },
      "version": "6.2.0"
    }
  }
}