{
  "stats": {
    "suites": 1,
    "tests": 1,
    "passes": 1,
    "pending": 0,
    "failures": 0,
    "start": "2024-08-25T07:40:46.959Z",
    "end": "2024-08-25T07:40:51.264Z",
    "duration": 4305,
    "testsRegistered": 1,
    "passPercent": 100,
    "pendingPercent": 0,
    "other": 0,
    "hasOther": false,
    "skipped": 0,
    "hasSkipped": false
  },
  "results": [
    {
      "uuid": "5f2cc5f3-43ec-442e-aca4-606e8d8ffd1f",
      "title": "",
      "fullFile": "cypress\\e2e\\login.cy.js",
      "file": "cypress\\e2e\\login.cy.js",
      "beforeHooks": [],
      "afterHooks": [],
      "tests": [],
      "suites": [
        {
          "uuid": "9e617bcf-04f9-45db-ad31-cc5f224bafc8",
          "title": "template spec",
          "fullFile": "",
          "file": "",
          "beforeHooks": [],
          "afterHooks": [],
          "tests": [
            {
              "title": "login test for user1",
              "fullTitle": "template spec login test for user1",
              "timedOut": null,
              "duration": 4287,
              "state": "passed",
              "speed": "fast",
              "pass": true,
              "fail": false,
              "pending": false,
              "context": null,
              "code": "cy.visit('/');\n//load fixture data\ncy.fixture('loginData').as('loginData');\n//using fixture data below\ncy.get('@loginData').then(user => {\n  cy.get('[data-test=\"username\"]').type(user.user1.username);\n  cy.wait(1000);\n  cy.get('[data-test=\"password\"]').type(user.user1.password);\n});\ncy.wait(1000);\ncy.get('#login-button').click();",
              "err": {},
              "uuid": "06f3cf6a-dedd-4d36-b798-2db0dff89225",
              "parentUUID": "9e617bcf-04f9-45db-ad31-cc5f224bafc8",
              "isHook": false,
              "skipped": false
            }
          ],
          "suites": [],
          "passes": [
            "06f3cf6a-dedd-4d36-b798-2db0dff89225"
          ],
          "failures": [],
          "pending": [],
          "skipped": [],
          "duration": 4287,
          "root": false,
          "rootEmpty": false,
          "_timeout": 2000
        }
      ],
      "passes": [],
      "failures": [],
      "pending": [],
      "skipped": [],
      "duration": 0,
      "root": true,
      "rootEmpty": true,
      "_timeout": 2000
    }
  ],
  "meta": {
    "mocha": {
      "version": "7.0.1"
    },
    "mochawesome": {
      "options": {
        "quiet": false,
        "reportFilename": "mochawesome",
        "saveHtml": true,
        "saveJson": true,
        "consoleReporter": "spec",
        "useInlineDiffs": false,
        "code": true
      },
      "version": "7.1.3"
    },
    "marge": {
      "options": null,
      "version": "6.2.0"
    }
  }
}