{
  "stats": {
    "suites": 1,
    "tests": 1,
    "passes": 1,
    "pending": 0,
    "failures": 0,
    "start": "2024-09-06T16:34:40.240Z",
    "end": "2024-09-06T16:34:42.483Z",
    "duration": 2243,
    "testsRegistered": 1,
    "passPercent": 100,
    "pendingPercent": 0,
    "other": 0,
    "hasOther": false,
    "skipped": 0,
    "hasSkipped": false
  },
  "results": [
    {
      "uuid": "eaba8403-e69c-45c6-ba1d-708a46ec5c57",
      "title": "",
      "fullFile": "cypress\\e2e\\Sidebar.cy.js",
      "file": "cypress\\e2e\\Sidebar.cy.js",
      "beforeHooks": [],
      "afterHooks": [],
      "tests": [],
      "suites": [
        {
          "uuid": "61bec9a7-826c-400b-b830-cc39ab459bd5",
          "title": "Sidebar Functionality",
          "fullFile": "",
          "file": "",
          "beforeHooks": [],
          "afterHooks": [],
          "tests": [
            {
              "title": "Validate logout redirects user to landing page",
              "fullTitle": "Sidebar Functionality Validate logout redirects user to landing page",
              "timedOut": null,
              "duration": 2223,
              "state": "passed",
              "speed": "fast",
              "pass": true,
              "fail": false,
              "pending": false,
              "context": null,
              "code": "cy.get('#logout_sidebar_link').should('have.text', 'Logout').click().url().should('eq', 'https://www.saucedemo.com/v1/index.html');",
              "err": {},
              "uuid": "120de4b5-9b73-4e80-8e80-ca9f0cf2b48c",
              "parentUUID": "61bec9a7-826c-400b-b830-cc39ab459bd5",
              "isHook": false,
              "skipped": false
            }
          ],
          "suites": [],
          "passes": [
            "120de4b5-9b73-4e80-8e80-ca9f0cf2b48c"
          ],
          "failures": [],
          "pending": [],
          "skipped": [],
          "duration": 2223,
          "root": false,
          "rootEmpty": false,
          "_timeout": 2000
        }
      ],
      "passes": [],
      "failures": [],
      "pending": [],
      "skipped": [],
      "duration": 0,
      "root": true,
      "rootEmpty": true,
      "_timeout": 2000
    }
  ],
  "meta": {
    "mocha": {
      "version": "7.0.1"
    },
    "mochawesome": {
      "options": {
        "quiet": false,
        "reportFilename": "mochawesome",
        "saveHtml": false,
        "saveJson": true,
        "consoleReporter": "spec",
        "useInlineDiffs": false,
        "code": true
      },
      "version": "7.1.3"
    },
    "marge": {
      "options": {
        "charts": true,
        "overwrite": false,
        "html": false,
        "json": true,
        "reporterDir": "cypress/reports/"
      },
      "version": "6.2.0"
    }
  }
}