{
  "stats": {
    "suites": 1,
    "tests": 1,
    "passes": 1,
    "pending": 0,
    "failures": 0,
    "start": "2024-09-06T16:34:32.335Z",
    "end": "2024-09-06T16:34:34.263Z",
    "duration": 1928,
    "testsRegistered": 1,
    "passPercent": 100,
    "pendingPercent": 0,
    "other": 0,
    "hasOther": false,
    "skipped": 0,
    "hasSkipped": false
  },
  "results": [
    {
      "uuid": "93a9c164-1d00-4bff-b5bb-17a3353a84e7",
      "title": "",
      "fullFile": "cypress\\e2e\\CheckoutPage.cy.js",
      "file": "cypress\\e2e\\CheckoutPage.cy.js",
      "beforeHooks": [],
      "afterHooks": [],
      "tests": [],
      "suites": [
        {
          "uuid": "21de4b04-c5c9-4af9-b788-885799512965",
          "title": "Checkout page1",
          "fullFile": "",
          "file": "",
          "beforeHooks": [],
          "afterHooks": [],
          "tests": [
            {
              "title": "Finish button should redirect to Checkout Complete page",
              "fullTitle": "Checkout page1 Finish button should redirect to Checkout Complete page",
              "timedOut": null,
              "duration": 1887,
              "state": "passed",
              "speed": "fast",
              "pass": true,
              "fail": false,
              "pending": false,
              "context": null,
              "code": "cy.visit('checkout-step-two.html').get('.subheader').should('have.text', 'Checkout: Overview');\ncy.get('.btn_action.cart_button').should('have.text', 'FINISH').and('have.css', 'background-color', 'rgb(226, 35, 26)').and('have.css', 'color', 'rgb(255, 255, 255)').click().url().should('be.eq', 'https://www.saucedemo.com/v1/checkout-complete.html');\ncy.get('.subheader').should('have.text', 'Finish');\ncy.get('h2').should('exist').and('have.text', 'THANK YOU FOR YOUR ORDER');",
              "err": {},
              "uuid": "9e71188a-f340-4853-9e80-13f878f2509a",
              "parentUUID": "21de4b04-c5c9-4af9-b788-885799512965",
              "isHook": false,
              "skipped": false
            }
          ],
          "suites": [],
          "passes": [
            "9e71188a-f340-4853-9e80-13f878f2509a"
          ],
          "failures": [],
          "pending": [],
          "skipped": [],
          "duration": 1887,
          "root": false,
          "rootEmpty": false,
          "_timeout": 2000
        }
      ],
      "passes": [],
      "failures": [],
      "pending": [],
      "skipped": [],
      "duration": 0,
      "root": true,
      "rootEmpty": true,
      "_timeout": 2000
    }
  ],
  "meta": {
    "mocha": {
      "version": "7.0.1"
    },
    "mochawesome": {
      "options": {
        "quiet": false,
        "reportFilename": "mochawesome",
        "saveHtml": false,
        "saveJson": true,
        "consoleReporter": "spec",
        "useInlineDiffs": false,
        "code": true
      },
      "version": "7.1.3"
    },
    "marge": {
      "options": {
        "charts": true,
        "overwrite": false,
        "html": false,
        "json": true,
        "reporterDir": "cypress/reports/"
      },
      "version": "6.2.0"
    }
  }
}