{
  "stats": {
    "suites": 1,
    "tests": 3,
    "passes": 3,
    "pending": 0,
    "failures": 0,
    "start": "2024-09-09T11:28:54.487Z",
    "end": "2024-09-09T11:28:56.815Z",
    "duration": 2328,
    "testsRegistered": 3,
    "passPercent": 100,
    "pendingPercent": 0,
    "other": 0,
    "hasOther": false,
    "skipped": 0,
    "hasSkipped": false
  },
  "results": [
    {
      "uuid": "e0410772-72ad-41cd-8e1f-8d22466364ca",
      "title": "",
      "fullFile": "cypress\\e2e\\CartPage.cy.js",
      "file": "cypress\\e2e\\CartPage.cy.js",
      "beforeHooks": [],
      "afterHooks": [],
      "tests": [],
      "suites": [
        {
          "uuid": "a5c76d2a-ab8b-4a47-a307-a5c25f300d98",
          "title": "Cart Page",
          "fullFile": "",
          "file": "",
          "beforeHooks": [],
          "afterHooks": [],
          "tests": [
            {
              "title": "should have page title Your Cart",
              "fullTitle": "Cart Page should have page title Your Cart",
              "timedOut": null,
              "duration": 1211,
              "state": "passed",
              "speed": "fast",
              "pass": true,
              "fail": false,
              "pending": false,
              "context": null,
              "code": "cy.get('.subheader').should('have.text', 'Your Cart').and('have.css', 'background-color', 'rgb(71, 76, 85)');",
              "err": {},
              "uuid": "9288735d-8cc7-4917-95a7-aa35e582b7ca",
              "parentUUID": "a5c76d2a-ab8b-4a47-a307-a5c25f300d98",
              "isHook": false,
              "skipped": false
            },
            {
              "title": "Continue shoping should be clickable and redirects to inventory page",
              "fullTitle": "Cart Page Continue shoping should be clickable and redirects to inventory page",
              "timedOut": null,
              "duration": 580,
              "state": "passed",
              "speed": "fast",
              "pass": true,
              "fail": false,
              "pending": false,
              "context": null,
              "code": "cy.get('a.btn_secondary').should('have.text', 'Continue Shopping').click().url('eq', '/inventory.html');",
              "err": {},
              "uuid": "616e7b04-a2af-4d07-a148-3d118dbfb94d",
              "parentUUID": "a5c76d2a-ab8b-4a47-a307-a5c25f300d98",
              "isHook": false,
              "skipped": false
            },
            {
              "title": "Checkout button should be clickable and redirect to the checkout page",
              "fullTitle": "Cart Page Checkout button should be clickable and redirect to the checkout page",
              "timedOut": null,
              "duration": 463,
              "state": "passed",
              "speed": "fast",
              "pass": true,
              "fail": false,
              "pending": false,
              "context": null,
              "code": "cy.get('.btn_action').should('have.text', 'CHECKOUT').and('have.css', 'background-color', 'rgb(226, 35, 26)').and('have.css', 'color', 'rgb(255, 255, 255)').click().url().should('contain', '/checkout-step-one.html');",
              "err": {},
              "uuid": "68639f2a-2cef-4e53-88ee-a402d2f754b8",
              "parentUUID": "a5c76d2a-ab8b-4a47-a307-a5c25f300d98",
              "isHook": false,
              "skipped": false
            }
          ],
          "suites": [],
          "passes": [
            "9288735d-8cc7-4917-95a7-aa35e582b7ca",
            "616e7b04-a2af-4d07-a148-3d118dbfb94d",
            "68639f2a-2cef-4e53-88ee-a402d2f754b8"
          ],
          "failures": [],
          "pending": [],
          "skipped": [],
          "duration": 2254,
          "root": false,
          "rootEmpty": false,
          "_timeout": 2000
        }
      ],
      "passes": [],
      "failures": [],
      "pending": [],
      "skipped": [],
      "duration": 0,
      "root": true,
      "rootEmpty": true,
      "_timeout": 2000
    }
  ],
  "meta": {
    "mocha": {
      "version": "7.0.1"
    },
    "mochawesome": {
      "options": {
        "quiet": false,
        "reportFilename": "mochawesome",
        "saveHtml": false,
        "saveJson": true,
        "consoleReporter": "spec",
        "useInlineDiffs": false,
        "code": true
      },
      "version": "7.1.3"
    },
    "marge": {
      "options": {
        "charts": true,
        "overwrite": false,
        "html": false,
        "json": true,
        "reporterDir": "cypress/reports/"
      },
      "version": "6.2.0"
    }
  }
}