{
  "stats": {
    "suites": 1,
    "tests": 7,
    "passes": 7,
    "pending": 0,
    "failures": 0,
    "start": "2024-09-06T16:34:35.637Z",
    "end": "2024-09-06T16:34:38.850Z",
    "duration": 3213,
    "testsRegistered": 7,
    "passPercent": 100,
    "pendingPercent": 0,
    "other": 0,
    "hasOther": false,
    "skipped": 0,
    "hasSkipped": false
  },
  "results": [
    {
      "uuid": "e3fba7be-90df-49a0-9eb4-4c7d12a30496",
      "title": "",
      "fullFile": "cypress\\e2e\\InventoryPage.cy.js",
      "file": "cypress\\e2e\\InventoryPage.cy.js",
      "beforeHooks": [],
      "afterHooks": [],
      "tests": [],
      "suites": [
        {
          "uuid": "57865799-8819-45a7-bd81-a7c78d2421b0",
          "title": "Inventory page",
          "fullFile": "",
          "file": "",
          "beforeHooks": [],
          "afterHooks": [],
          "tests": [
            {
              "title": "Page title should be Products",
              "fullTitle": "Inventory page Page title should be Products",
              "timedOut": null,
              "duration": 1545,
              "state": "passed",
              "speed": "fast",
              "pass": true,
              "fail": false,
              "pending": false,
              "context": null,
              "code": "cy.get('.product_label').should('have.text', 'Products');",
              "err": {},
              "uuid": "07f0693c-cb79-4c77-bdb7-c4efcb6b4816",
              "parentUUID": "57865799-8819-45a7-bd81-a7c78d2421b0",
              "isHook": false,
              "skipped": false
            },
            {
              "title": "Sorting should have Name A to Z selected by default",
              "fullTitle": "Inventory page Sorting should have Name A to Z selected by default",
              "timedOut": null,
              "duration": 271,
              "state": "passed",
              "speed": "fast",
              "pass": true,
              "fail": false,
              "pending": false,
              "context": null,
              "code": "cy.get('.product_sort_container').should('have.value', 'az'); //sorting value by default\ncy.get('.product_sort_container') //should have dropdown options \n.should('be.visible').within(() => {\n  cy.contains('Name (A to Z)').should('exist');\n  cy.contains('Name (Z to A)').should('exist');\n  cy.contains('Price (low to high)').should('exist');\n  cy.contains('Price (high to low)').should('exist');\n});\ncy.get('.product_sort_container').select('Price (low to high)').should('have.value', 'lohi'); //select one of the option from the dropdown",
              "err": {},
              "uuid": "bdd08614-26c2-4b38-b05f-f211035b529e",
              "parentUUID": "57865799-8819-45a7-bd81-a7c78d2421b0",
              "isHook": false,
              "skipped": false
            },
            {
              "title": "Inventory list card should have image, item title, description, price and Add to cart button",
              "fullTitle": "Inventory page Inventory list card should have image, item title, description, price and Add to cart button",
              "timedOut": null,
              "duration": 136,
              "state": "passed",
              "speed": "fast",
              "pass": true,
              "fail": false,
              "pending": false,
              "context": null,
              "code": "cy.get('.inventory_list').each(card => {\n  cy.wrap(card).find('.inventory_item_img').should('exist');\n  cy.wrap(card).find('.inventory_item_label > a').should('exist');\n  cy.wrap(card).find('.inventory_item_label > .inventory_item_desc').should('exist');\n  cy.wrap(card).find('.pricebar > .inventory_item_price').should('exist');\n  cy.wrap(card).find('.pricebar > .btn_inventory').should('exist');\n});",
              "err": {},
              "uuid": "dad8cb54-2648-4118-93f4-4b4d1e95f5e0",
              "parentUUID": "57865799-8819-45a7-bd81-a7c78d2421b0",
              "isHook": false,
              "skipped": false
            },
            {
              "title": "Add to cart should be clickable and should change to Remove button",
              "fullTitle": "Inventory page Add to cart should be clickable and should change to Remove button",
              "timedOut": null,
              "duration": 183,
              "state": "passed",
              "speed": "fast",
              "pass": true,
              "fail": false,
              "pending": false,
              "context": null,
              "code": "cy.get(':nth-child(1)  > .pricebar > .btn_primary').should('have.text', 'ADD TO CART').click().should('be.visible', '.btn_secondary .btn_inventory\"').and('have.text', 'REMOVE').and('have.css', 'background-color', 'rgb(255, 255, 255)').and('have.css', 'border', '2px solid rgb(71, 76, 85)').and('have.css', 'color', 'rgb(71, 76, 85)');\ncy.get('.shopping_cart_container').find('a  > .shopping_cart_badge').should('be.visible').and('have.css', 'background-color', 'rgb(255, 37, 58)').and('have.css', 'color', 'rgb(255, 255, 255)');",
              "err": {},
              "uuid": "3e65c1bc-d9d8-4644-baf5-e614ecd70bf9",
              "parentUUID": "57865799-8819-45a7-bd81-a7c78d2421b0",
              "isHook": false,
              "skipped": false
            },
            {
              "title": "Item title should be red and clickable",
              "fullTitle": "Inventory page Item title should be red and clickable",
              "timedOut": null,
              "duration": 404,
              "state": "passed",
              "speed": "fast",
              "pass": true,
              "fail": false,
              "pending": false,
              "context": null,
              "code": "cy.get('#item_4_title_link > .inventory_item_name').should('have.css', 'color', 'rgb(226, 35, 26)').click();",
              "err": {},
              "uuid": "e7c904a6-cd83-4b28-a438-b21275533cf6",
              "parentUUID": "57865799-8819-45a7-bd81-a7c78d2421b0",
              "isHook": false,
              "skipped": false
            },
            {
              "title": "Price figure should be red",
              "fullTitle": "Inventory page Price figure should be red",
              "timedOut": null,
              "duration": 90,
              "state": "passed",
              "speed": "fast",
              "pass": true,
              "fail": false,
              "pending": false,
              "context": null,
              "code": "cy.get(':nth-child(1) > .pricebar > .btn_primary').should('have.css', 'color', 'rgb(226, 35, 26)').should('have.css', 'border', '2px solid rgb(226, 35, 26)').should('have.css', 'background-color', 'rgb(255, 255, 255)');",
              "err": {},
              "uuid": "ff6b5db7-011c-4ba4-9d33-d3f62c785a97",
              "parentUUID": "57865799-8819-45a7-bd81-a7c78d2421b0",
              "isHook": false,
              "skipped": false
            },
            {
              "title": "Cart icon should be clickable",
              "fullTitle": "Inventory page Cart icon should be clickable",
              "timedOut": null,
              "duration": 406,
              "state": "passed",
              "speed": "fast",
              "pass": true,
              "fail": false,
              "pending": false,
              "context": null,
              "code": "cy.get('#shopping_cart_container > a').click().url().should('eq', 'https://www.saucedemo.com/v1/cart.html');",
              "err": {},
              "uuid": "e80d96b2-64f9-4ad7-af82-e1c8d53dd3fa",
              "parentUUID": "57865799-8819-45a7-bd81-a7c78d2421b0",
              "isHook": false,
              "skipped": false
            }
          ],
          "suites": [],
          "passes": [
            "07f0693c-cb79-4c77-bdb7-c4efcb6b4816",
            "bdd08614-26c2-4b38-b05f-f211035b529e",
            "dad8cb54-2648-4118-93f4-4b4d1e95f5e0",
            "3e65c1bc-d9d8-4644-baf5-e614ecd70bf9",
            "e7c904a6-cd83-4b28-a438-b21275533cf6",
            "ff6b5db7-011c-4ba4-9d33-d3f62c785a97",
            "e80d96b2-64f9-4ad7-af82-e1c8d53dd3fa"
          ],
          "failures": [],
          "pending": [],
          "skipped": [],
          "duration": 3035,
          "root": false,
          "rootEmpty": false,
          "_timeout": 2000
        }
      ],
      "passes": [],
      "failures": [],
      "pending": [],
      "skipped": [],
      "duration": 0,
      "root": true,
      "rootEmpty": true,
      "_timeout": 2000
    }
  ],
  "meta": {
    "mocha": {
      "version": "7.0.1"
    },
    "mochawesome": {
      "options": {
        "quiet": false,
        "reportFilename": "mochawesome",
        "saveHtml": false,
        "saveJson": true,
        "consoleReporter": "spec",
        "useInlineDiffs": false,
        "code": true
      },
      "version": "7.1.3"
    },
    "marge": {
      "options": {
        "charts": true,
        "overwrite": false,
        "html": false,
        "json": true,
        "reporterDir": "cypress/reports/"
      },
      "version": "6.2.0"
    }
  }
}